<?xml version="1.0" encoding="UTF-8"?>
<testsuite xmlns:xsi="http://www.w3.org/2001/XMLSchema-instance" xsi:noNamespaceSchemaLocation="https://maven.apache.org/surefire/maven-surefire-plugin/xsd/surefire-test-report-3.0.xsd" version="3.0" name="com.ecommerce.webflux.WebFluxIntegrationTest" time="38.917" tests="12" errors="0" skipped="0" failures="0">
  <properties>
[...]
</properties>
  <testcase name="stepVerifier_fluxInterval_simula3Eventos" classname="com.ecommerce.webflux.WebFluxIntegrationTest" time="0.419">
    <system-out><![CDATA[18:03:51.474 [main] INFO org.springframework.test.context.support.AnnotationConfigContextLoaderUtils -- Could not detect default configuration classes for test class [com.ecommerce.webflux.WebFluxIntegrationTest]: WebFluxIntegrationTest does not declare any static, non-private, non-final, nested classes annotated with @Configuration.
18:03:51.632 [main] INFO org.springframework.boot.test.context.SpringBootTestContextBootstrapper -- Found @SpringBootConfiguration com.ecommerce.webflux.EcommerceWebFluxApplication for test class com.ecommerce.webflux.WebFluxIntegrationTest

  .   ____          _            __ _ _
 /\\ / ___'_ __ _ _(_)_ __  __ _ \ \ \ \
( ( )\___ | '_ | '_| | '_ \/ _` | \ \ \ \
 \\/  ___)| |_)| | | | | || (_| |  ) ) ) )
  '  |____| .__|_| |_|_| |_\__, | / / / /
 =========|_|==============|___/=/_/_/_/
 :: Spring Boot ::                (v3.2.0)

2026-06-12T18:03:52.115-03:00  INFO 11972 --- [ecommerce-webflux] [           main] c.e.webflux.WebFluxIntegrationTest       : Starting WebFluxIntegrationTest using Java 24.0.2 with PID 11972 (started by Estremote in c:\Users\Estremote\Desktop\Estremote\Pós Unifunec\ecommerce-webflux-modulo3\ecommerce-webflux)
2026-06-12T18:03:52.117-03:00  INFO 11972 --- [ecommerce-webflux] [           main] c.e.webflux.WebFluxIntegrationTest       : No active profile set, falling back to 1 default profile: "default"
2026-06-12T18:03:52.940-03:00  INFO 11972 --- [ecommerce-webflux] [           main] .s.d.r.c.RepositoryConfigurationDelegate : Multiple Spring Data modules found, entering strict repository configuration mode
2026-06-12T18:03:52.942-03:00  INFO 11972 --- [ecommerce-webflux] [           main] .s.d.r.c.RepositoryConfigurationDelegate : Bootstrapping Spring Data Reactive MongoDB repositories in DEFAULT mode.
2026-06-12T18:03:53.054-03:00  INFO 11972 --- [ecommerce-webflux] [           main] .RepositoryConfigurationExtensionSupport : Spring Data Reactive MongoDB - Could not safely identify store assignment for repository candidate interface com.ecommerce.webflux.domain.repository.ItemPedidoReactiveRepository; If you want this repository to be a Reactive MongoDB repository, consider annotating your entities with one of these annotations: org.springframework.data.mongodb.core.mapping.Document (preferred), or consider extending one of the following types with your repository: org.springframework.data.mongodb.repository.ReactiveMongoRepository
2026-06-12T18:03:53.055-03:00  INFO 11972 --- [ecommerce-webflux] [           main] .RepositoryConfigurationExtensionSupport : Spring Data Reactive MongoDB - Could not safely identify store assignment for repository candidate interface com.ecommerce.webflux.domain.repository.PedidoReactiveRepository; If you want this repository to be a Reactive MongoDB repository, consider annotating your entities with one of these annotations: org.springframework.data.mongodb.core.mapping.Document (preferred), or consider extending one of the following types with your repository: org.springframework.data.mongodb.repository.ReactiveMongoRepository
2026-06-12T18:03:53.055-03:00  INFO 11972 --- [ecommerce-webflux] [           main] .RepositoryConfigurationExtensionSupport : Spring Data Reactive MongoDB - Could not safely identify store assignment for repository candidate interface com.ecommerce.webflux.domain.repository.ProdutoReactiveRepository; If you want this repository to be a Reactive MongoDB repository, consider annotating your entities with one of these annotations: org.springframework.data.mongodb.core.mapping.Document (preferred), or consider extending one of the following types with your repository: org.springframework.data.mongodb.repository.ReactiveMongoRepository
2026-06-12T18:03:53.071-03:00  INFO 11972 --- [ecommerce-webflux] [           main] .s.d.r.c.RepositoryConfigurationDelegate : Finished Spring Data repository scanning in 124 ms. Found 1 Reactive MongoDB repository interface.
2026-06-12T18:03:53.086-03:00  INFO 11972 --- [ecommerce-webflux] [           main] .s.d.r.c.RepositoryConfigurationDelegate : Multiple Spring Data modules found, entering strict repository configuration mode
2026-06-12T18:03:53.087-03:00  INFO 11972 --- [ecommerce-webflux] [           main] .s.d.r.c.RepositoryConfigurationDelegate : Bootstrapping Spring Data R2DBC repositories in DEFAULT mode.
2026-06-12T18:03:53.093-03:00  INFO 11972 --- [ecommerce-webflux] [           main] .RepositoryConfigurationExtensionSupport : Spring Data R2DBC - Could not safely identify store assignment for repository candidate interface com.ecommerce.webflux.domain.repository.AvaliacaoReactiveRepository; If you want this repository to be a R2DBC repository, consider annotating your entities with one of these annotations: org.springframework.data.relational.core.mapping.Table (preferred), or consider extending one of the following types with your repository: org.springframework.data.r2dbc.repository.R2dbcRepository
2026-06-12T18:03:53.102-03:00  INFO 11972 --- [ecommerce-webflux] [           main] .s.d.r.c.RepositoryConfigurationDelegate : Finished Spring Data repository scanning in 14 ms. Found 3 R2DBC repository interfaces.
2026-06-12T18:03:54.154-03:00  WARN 11972 --- [ecommerce-webflux] [           main] trationDelegate$BeanPostProcessorChecker : Bean 'de.flapdoodle.embed.mongo.spring.autoconfigure.EmbeddedMongoAutoConfiguration' of type [de.flapdoodle.embed.mongo.spring.autoconfigure.EmbeddedMongoAutoConfiguration] is not eligible for getting processed by all BeanPostProcessors (for example: not eligible for auto-proxying). The currently created BeanPostProcessor [fixTransactionAndAuth] is declared through a non-static factory method on that class; consider declaring it as static instead.
2026-06-12T18:03:54.210-03:00  WARN 11972 --- [ecommerce-webflux] [           main] trationDelegate$BeanPostProcessorChecker : Bean 'de.flapdoodle.mongodb.embedded-de.flapdoodle.embed.mongo.spring.autoconfigure.EmbeddedMongoProperties' of type [de.flapdoodle.embed.mongo.spring.autoconfigure.EmbeddedMongoProperties] is not eligible for getting processed by all BeanPostProcessors (for example: not eligible for auto-proxying). Is this bean getting eagerly injected into a currently created BeanPostProcessor [fixTransactionAndAuth]? Check the corresponding BeanPostProcessor declaration and its dependencies.
2026-06-12T18:03:54.248-03:00  WARN 11972 --- [ecommerce-webflux] [           main] trationDelegate$BeanPostProcessorChecker : Bean 'net' of type [de.flapdoodle.embed.mongo.config.ImmutableNet] is not eligible for getting processed by all BeanPostProcessors (for example: not eligible for auto-proxying). Is this bean getting eagerly injected into a currently created BeanPostProcessor [fixTransactionAndAuth]? Check the corresponding BeanPostProcessor declaration and its dependencies.
2026-06-12T18:03:54.255-03:00  WARN 11972 --- [ecommerce-webflux] [           main] trationDelegate$BeanPostProcessorChecker : Bean 'spring.data.mongodb-org.springframework.boot.autoconfigure.mongo.MongoProperties' of type [org.springframework.boot.autoconfigure.mongo.MongoProperties] is not eligible for getting processed by all BeanPostProcessors (for example: not eligible for auto-proxying). Is this bean getting eagerly injected into a currently created BeanPostProcessor [fixTransactionAndAuth]? Check the corresponding BeanPostProcessor declaration and its dependencies.
2026-06-12T18:03:54.382-03:00  INFO 11972 --- [ecommerce-webflux] [           main] d.f.e.m.s.a.ReactiveClientServerFactory  : reactive server factory
2026-06-12T18:03:55.339-03:00  INFO 11972 --- [ecommerce-webflux] [           main] d.f.e.m.s.autoconfigure.EmbeddedMongo    : download https://fastdl.mongodb.org/windows/mongodb-windows-x86_64-7.0.2.zip : starting...
2026-06-12T18:03:55.342-03:00  INFO 11972 --- [ecommerce-webflux] [           main] d.f.e.m.s.autoconfigure.EmbeddedMongo    : download https://fastdl.mongodb.org/windows/mongodb-windows-x86_64-7.0.2.zip : 0 %
2026-06-12T18:03:58.779-03:00  INFO 11972 --- [ecommerce-webflux] [           main] d.f.e.m.s.autoconfigure.EmbeddedMongo    : download https://fastdl.mongodb.org/windows/mongodb-windows-x86_64-7.0.2.zip : 10 %
2026-06-12T18:04:01.341-03:00  INFO 11972 --- [ecommerce-webflux] [           main] d.f.e.m.s.autoconfigure.EmbeddedMongo    : download https://fastdl.mongodb.org/windows/mongodb-windows-x86_64-7.0.2.zip : 20 %
2026-06-12T18:04:03.953-03:00  INFO 11972 --- [ecommerce-webflux] [           main] d.f.e.m.s.autoconfigure.EmbeddedMongo    : download https://fastdl.mongodb.org/windows/mongodb-windows-x86_64-7.0.2.zip : 30 %
2026-06-12T18:04:06.623-03:00  INFO 11972 --- [ecommerce-webflux] [           main] d.f.e.m.s.autoconfigure.EmbeddedMongo    : download https://fastdl.mongodb.org/windows/mongodb-windows-x86_64-7.0.2.zip : 40 %
2026-06-12T18:04:08.799-03:00  INFO 11972 --- [ecommerce-webflux] [           main] d.f.e.m.s.autoconfigure.EmbeddedMongo    : download https://fastdl.mongodb.org/windows/mongodb-windows-x86_64-7.0.2.zip : 50 %
2026-06-12T18:04:11.467-03:00  INFO 11972 --- [ecommerce-webflux] [           main] d.f.e.m.s.autoconfigure.EmbeddedMongo    : download https://fastdl.mongodb.org/windows/mongodb-windows-x86_64-7.0.2.zip : 60 %
2026-06-12T18:04:13.957-03:00  INFO 11972 --- [ecommerce-webflux] [           main] d.f.e.m.s.autoconfigure.EmbeddedMongo    : download https://fastdl.mongodb.org/windows/mongodb-windows-x86_64-7.0.2.zip : 70 %
2026-06-12T18:04:16.509-03:00  INFO 11972 --- [ecommerce-webflux] [           main] d.f.e.m.s.autoconfigure.EmbeddedMongo    : download https://fastdl.mongodb.org/windows/mongodb-windows-x86_64-7.0.2.zip : 80 %
2026-06-12T18:04:18.695-03:00  INFO 11972 --- [ecommerce-webflux] [           main] d.f.e.m.s.autoconfigure.EmbeddedMongo    : download https://fastdl.mongodb.org/windows/mongodb-windows-x86_64-7.0.2.zip : 90 %
2026-06-12T18:04:20.996-03:00  INFO 11972 --- [ecommerce-webflux] [           main] d.f.e.m.s.autoconfigure.EmbeddedMongo    : download https://fastdl.mongodb.org/windows/mongodb-windows-x86_64-7.0.2.zip : finished
2026-06-12T18:04:25.857-03:00  INFO 11972 --- [ecommerce-webflux] [       Thread-3] d.f.e.m.s.autoconfigure.EmbeddedMongo    : {"t":{"$date":"2026-06-12T18:04:25.856-03:00"},"s":"I",  "c":"CONTROL",  "id":23285,   "ctx":"thread1","msg":"Automatically disabling TLS 1.0, to force-enable TLS 1.0 specify --sslDisabledProtocols 'none'"}
2026-06-12T18:04:25.862-03:00  INFO 11972 --- [ecommerce-webflux] [       Thread-3] d.f.e.m.s.autoconfigure.EmbeddedMongo    : {"t":{"$date":"2026-06-12T18:04:25.862-03:00"},"s":"I",  "c":"NETWORK",  "id":4915701, "ctx":"thread1","msg":"Initialized wire specification","attr":{"spec":{"incomingExternalClient":{"minWireVersion":0,"maxWireVersion":21},"incomingInternalClient":{"minWireVersion":0,"maxWireVersion":21},"outgoing":{"minWireVersion":6,"maxWireVersion":21},"isInternalClient":true}}}
2026-06-12T18:04:25.862-03:00  INFO 11972 --- [ecommerce-webflux] [       Thread-3] d.f.e.m.s.autoconfigure.EmbeddedMongo    : {"t":{"$date":"2026-06-12T18:04:25.862-03:00"},"s":"I",  "c":"NETWORK",  "id":4648602, "ctx":"thread1","msg":"Implicit TCP FastOpen in use."}
2026-06-12T18:04:25.864-03:00  INFO 11972 --- [ecommerce-webflux] [       Thread-3] d.f.e.m.s.autoconfigure.EmbeddedMongo    : {"t":{"$date":"2026-06-12T18:04:25.864-03:00"},"s":"I",  "c":"REPL",     "id":5123008, "ctx":"thread1","msg":"Successfully registered PrimaryOnlyService","attr":{"service":"TenantMigrationDonorService","namespace":"config.tenantMigrationDonors"}}
2026-06-12T18:04:25.865-03:00  INFO 11972 --- [ecommerce-webflux] [       Thread-3] d.f.e.m.s.autoconfigure.EmbeddedMongo    : {"t":{"$date":"2026-06-12T18:04:25.864-03:00"},"s":"I",  "c":"REPL",     "id":5123008, "ctx":"thread1","msg":"Successfully registered PrimaryOnlyService","attr":{"service":"TenantMigrationRecipientService","namespace":"config.tenantMigrationRecipients"}}
2026-06-12T18:04:25.865-03:00  INFO 11972 --- [ecommerce-webflux] [       Thread-3] d.f.e.m.s.autoconfigure.EmbeddedMongo    : {"t":{"$date":"2026-06-12T18:04:25.864-03:00"},"s":"I",  "c":"CONTROL",  "id":5945603, "ctx":"thread1","msg":"Multi threading initialized"}
2026-06-12T18:04:25.865-03:00  INFO 11972 --- [ecommerce-webflux] [       Thread-3] d.f.e.m.s.autoconfigure.EmbeddedMongo    : {"t":{"$date":"2026-06-12T18:04:25.864-03:00"},"s":"I",  "c":"TENANT_M", "id":7091600, "ctx":"thread1","msg":"Starting TenantMigrationAccessBlockerRegistry"}
2026-06-12T18:04:25.865-03:00  INFO 11972 --- [ecommerce-webflux] [       Thread-3] d.f.e.m.s.autoconfigure.EmbeddedMongo    : {"t":{"$date":"2026-06-12T18:04:25.865-03:00"},"s":"I",  "c":"CONTROL",  "id":4615611, "ctx":"initandlisten","msg":"MongoDB starting","attr":{"pid":12396,"port":54678,"dbPath":"C:/Users/ESTREM~1/AppData/Local/Temp/temp--e40aaba9-ff23-40b3-9f1e-7194e6d30edb/mongod-database1011244779597163795","architecture":"64-bit","host":"DESKTOP-0NA42KQ"}}
2026-06-12T18:04:25.866-03:00  INFO 11972 --- [ecommerce-webflux] [       Thread-3] d.f.e.m.s.autoconfigure.EmbeddedMongo    : {"t":{"$date":"2026-06-12T18:04:25.865-03:00"},"s":"I",  "c":"CONTROL",  "id":23398,   "ctx":"initandlisten","msg":"Target operating system minimum version","attr":{"targetMinOS":"Windows 7/Windows Server 2008 R2"}}
2026-06-12T18:04:25.866-03:00  INFO 11972 --- [ecommerce-webflux] [       Thread-3] d.f.e.m.s.autoconfigure.EmbeddedMongo    : {"t":{"$date":"2026-06-12T18:04:25.865-03:00"},"s":"I",  "c":"CONTROL",  "id":23403,   "ctx":"initandlisten","msg":"Build Info","attr":{"buildInfo":{"version":"7.0.2","gitVersion":"02b3c655e1302209ef046da6ba3ef6749dd0b62a","modules":[],"allocator":"tcmalloc","environment":{"distmod":"windows","distarch":"x86_64","target_arch":"x86_64"}}}}
2026-06-12T18:04:25.866-03:00  INFO 11972 --- [ecommerce-webflux] [       Thread-3] d.f.e.m.s.autoconfigure.EmbeddedMongo    : {"t":{"$date":"2026-06-12T18:04:25.865-03:00"},"s":"I",  "c":"CONTROL",  "id":51765,   "ctx":"initandlisten","msg":"Operating System","attr":{"os":{"name":"Microsoft Windows 10","version":"10.0 (build 26200)"}}}
2026-06-12T18:04:25.866-03:00  INFO 11972 --- [ecommerce-webflux] [       Thread-3] d.f.e.m.s.autoconfigure.EmbeddedMongo    : {"t":{"$date":"2026-06-12T18:04:25.865-03:00"},"s":"I",  "c":"CONTROL",  "id":21951,   "ctx":"initandlisten","msg":"Options set by command line","attr":{"options":{"net":{"bindIp":"127.0.0.1","port":54678},"security":{"authorization":"disabled"},"storage":{"dbPath":"C:\\Users\\ESTREM~1\\AppData\\Local\\Temp\\temp--e40aaba9-ff23-40b3-9f1e-7194e6d30edb\\mongod-database1011244779597163795","syncPeriodSecs":0}}}}
2026-06-12T18:04:25.868-03:00  INFO 11972 --- [ecommerce-webflux] [       Thread-3] d.f.e.m.s.autoconfigure.EmbeddedMongo    : {"t":{"$date":"2026-06-12T18:04:25.868-03:00"},"s":"I",  "c":"STORAGE",  "id":22315,   "ctx":"initandlisten","msg":"Opening WiredTiger","attr":{"config":"create,cache_size=7613M,session_max=33000,eviction=(threads_min=4,threads_max=4),config_base=false,statistics=(fast),log=(enabled=true,remove=true,path=journal,compressor=snappy),builtin_extension_config=(zstd=(compression_level=6)),file_manager=(close_idle_time=600,close_scan_interval=10,close_handle_minimum=2000),statistics_log=(wait=0),json_output=(error,message),verbose=[recovery_progress:1,checkpoint_progress:1,compact_progress:1,backup:0,checkpoint:0,compact:0,evict:0,history_store:0,recovery:0,rts:0,salvage:0,tiered:0,timestamp:0,transaction:0,verify:0,log:0],"}}
2026-06-12T18:04:25.919-03:00  INFO 11972 --- [ecommerce-webflux] [       Thread-3] d.f.e.m.s.autoconfigure.EmbeddedMongo    : {"t":{"$date":"2026-06-12T18:04:25.919-03:00"},"s":"I",  "c":"STORAGE",  "id":4795906, "ctx":"initandlisten","msg":"WiredTiger opened","attr":{"durationMillis":51}}
2026-06-12T18:04:25.919-03:00  INFO 11972 --- [ecommerce-webflux] [       Thread-3] d.f.e.m.s.autoconfigure.EmbeddedMongo    : {"t":{"$date":"2026-06-12T18:04:25.919-03:00"},"s":"I",  "c":"RECOVERY", "id":23987,   "ctx":"initandlisten","msg":"WiredTiger recoveryTimestamp","attr":{"recoveryTimestamp":{"$timestamp":{"t":0,"i":0}}}}
2026-06-12T18:04:25.940-03:00  INFO 11972 --- [ecommerce-webflux] [       Thread-3] d.f.e.m.s.autoconfigure.EmbeddedMongo    : {"t":{"$date":"2026-06-12T18:04:25.940-03:00"},"s":"I",  "c":"STORAGE",  "id":20320,   "ctx":"initandlisten","msg":"createCollection","attr":{"namespace":"admin.system.version","uuidDisposition":"provided","uuid":{"uuid":{"$uuid":"1be7b70e-814c-4830-a02d-01830d5c2358"}},"options":{"uuid":{"$uuid":"1be7b70e-814c-4830-a02d-01830d5c2358"}}}}
2026-06-12T18:04:25.948-03:00  INFO 11972 --- [ecommerce-webflux] [       Thread-3] d.f.e.m.s.autoconfigure.EmbeddedMongo    : {"t":{"$date":"2026-06-12T18:04:25.948-03:00"},"s":"I",  "c":"INDEX",    "id":20345,   "ctx":"initandlisten","msg":"Index build: done building","attr":{"buildUUID":null,"collectionUUID":{"uuid":{"$uuid":"1be7b70e-814c-4830-a02d-01830d5c2358"}},"namespace":"admin.system.version","index":"_id_","ident":"index-1-5651191862234712525","collectionIdent":"collection-0-5651191862234712525","commitTimestamp":null}}
2026-06-12T18:04:25.948-03:00  INFO 11972 --- [ecommerce-webflux] [       Thread-3] d.f.e.m.s.autoconfigure.EmbeddedMongo    : {"t":{"$date":"2026-06-12T18:04:25.948-03:00"},"s":"I",  "c":"REPL",     "id":20459,   "ctx":"initandlisten","msg":"Setting featureCompatibilityVersion","attr":{"newVersion":"7.0"}}
2026-06-12T18:04:25.948-03:00  INFO 11972 --- [ecommerce-webflux] [       Thread-3] d.f.e.m.s.autoconfigure.EmbeddedMongo    : {"t":{"$date":"2026-06-12T18:04:25.949-03:00"},"s":"I",  "c":"REPL",     "id":5853300, "ctx":"initandlisten","msg":"current featureCompatibilityVersion value","attr":{"featureCompatibilityVersion":"7.0","context":"setFCV"}}
2026-06-12T18:04:25.949-03:00  INFO 11972 --- [ecommerce-webflux] [       Thread-3] d.f.e.m.s.autoconfigure.EmbeddedMongo    : {"t":{"$date":"2026-06-12T18:04:25.949-03:00"},"s":"I",  "c":"NETWORK",  "id":4915702, "ctx":"initandlisten","msg":"Updated wire specification","attr":{"oldSpec":{"incomingExternalClient":{"minWireVersion":0,"maxWireVersion":21},"incomingInternalClient":{"minWireVersion":0,"maxWireVersion":21},"outgoing":{"minWireVersion":6,"maxWireVersion":21},"isInternalClient":true},"newSpec":{"incomingExternalClient":{"minWireVersion":0,"maxWireVersion":21},"incomingInternalClient":{"minWireVersion":21,"maxWireVersion":21},"outgoing":{"minWireVersion":21,"maxWireVersion":21},"isInternalClient":true}}}
2026-06-12T18:04:25.949-03:00  INFO 11972 --- [ecommerce-webflux] [       Thread-3] d.f.e.m.s.autoconfigure.EmbeddedMongo    : {"t":{"$date":"2026-06-12T18:04:25.949-03:00"},"s":"I",  "c":"NETWORK",  "id":4915702, "ctx":"initandlisten","msg":"Updated wire specification","attr":{"oldSpec":{"incomingExternalClient":{"minWireVersion":0,"maxWireVersion":21},"incomingInternalClient":{"minWireVersion":21,"maxWireVersion":21},"outgoing":{"minWireVersion":21,"maxWireVersion":21},"isInternalClient":true},"newSpec":{"incomingExternalClient":{"minWireVersion":0,"maxWireVersion":21},"incomingInternalClient":{"minWireVersion":21,"maxWireVersion":21},"outgoing":{"minWireVersion":21,"maxWireVersion":21},"isInternalClient":true}}}
2026-06-12T18:04:25.949-03:00  INFO 11972 --- [ecommerce-webflux] [       Thread-3] d.f.e.m.s.autoconfigure.EmbeddedMongo    : {"t":{"$date":"2026-06-12T18:04:25.949-03:00"},"s":"I",  "c":"REPL",     "id":5853300, "ctx":"initandlisten","msg":"current featureCompatibilityVersion value","attr":{"featureCompatibilityVersion":"7.0","context":"startup"}}
2026-06-12T18:04:25.950-03:00  INFO 11972 --- [ecommerce-webflux] [       Thread-3] d.f.e.m.s.autoconfigure.EmbeddedMongo    : {"t":{"$date":"2026-06-12T18:04:25.949-03:00"},"s":"I",  "c":"STORAGE",  "id":5071100, "ctx":"initandlisten","msg":"Clearing temp directory"}
2026-06-12T18:04:25.950-03:00  INFO 11972 --- [ecommerce-webflux] [       Thread-3] d.f.e.m.s.autoconfigure.EmbeddedMongo    : {"t":{"$date":"2026-06-12T18:04:25.950-03:00"},"s":"I",  "c":"CONTROL",  "id":6608200, "ctx":"initandlisten","msg":"Initializing cluster server parameters from disk"}
2026-06-12T18:04:25.950-03:00  INFO 11972 --- [ecommerce-webflux] [       Thread-3] d.f.e.m.s.autoconfigure.EmbeddedMongo    : {"t":{"$date":"2026-06-12T18:04:25.950-03:00"},"s":"I",  "c":"CONTROL",  "id":20536,   "ctx":"initandlisten","msg":"Flow Control is enabled on this deployment"}
2026-06-12T18:04:26.411-03:00  INFO 11972 --- [ecommerce-webflux] [       Thread-3] d.f.e.m.s.autoconfigure.EmbeddedMongo    : {"t":{"$date":"2026-06-12T18:04:26.411-03:00"},"s":"W",  "c":"FTDC",     "id":23718,   "ctx":"initandlisten","msg":"Failed to initialize Performance Counters for FTDC","attr":{"error":{"code":179,"codeName":"WindowsPdhError","errmsg":"PdhAddEnglishCounterW failed with 'O objeto especificado não foi encontrado no computador.'"}}}
2026-06-12T18:04:26.412-03:00  INFO 11972 --- [ecommerce-webflux] [       Thread-3] d.f.e.m.s.autoconfigure.EmbeddedMongo    : {"t":{"$date":"2026-06-12T18:04:26.411-03:00"},"s":"I",  "c":"FTDC",     "id":20625,   "ctx":"initandlisten","msg":"Initializing full-time diagnostic data capture","attr":{"dataDirectory":"C:/Users/ESTREM~1/AppData/Local/Temp/temp--e40aaba9-ff23-40b3-9f1e-7194e6d30edb/mongod-database1011244779597163795/diagnostic.data"}}
2026-06-12T18:04:26.412-03:00  INFO 11972 --- [ecommerce-webflux] [       Thread-3] d.f.e.m.s.autoconfigure.EmbeddedMongo    : {"t":{"$date":"2026-06-12T18:04:26.412-03:00"},"s":"I",  "c":"STORAGE",  "id":20320,   "ctx":"initandlisten","msg":"createCollection","attr":{"namespace":"local.startup_log","uuidDisposition":"generated","uuid":{"uuid":{"$uuid":"e805ea2d-17ea-4457-8b00-f7b2c27b8ce6"}},"options":{"capped":true,"size":10485760}}}
2026-06-12T18:04:26.420-03:00  INFO 11972 --- [ecommerce-webflux] [       Thread-3] d.f.e.m.s.autoconfigure.EmbeddedMongo    : {"t":{"$date":"2026-06-12T18:04:26.420-03:00"},"s":"I",  "c":"INDEX",    "id":20345,   "ctx":"initandlisten","msg":"Index build: done building","attr":{"buildUUID":null,"collectionUUID":{"uuid":{"$uuid":"e805ea2d-17ea-4457-8b00-f7b2c27b8ce6"}},"namespace":"local.startup_log","index":"_id_","ident":"index-3-5651191862234712525","collectionIdent":"collection-2-5651191862234712525","commitTimestamp":null}}
2026-06-12T18:04:26.420-03:00  INFO 11972 --- [ecommerce-webflux] [       Thread-3] d.f.e.m.s.autoconfigure.EmbeddedMongo    : {"t":{"$date":"2026-06-12T18:04:26.420-03:00"},"s":"I",  "c":"REPL",     "id":6015317, "ctx":"initandlisten","msg":"Setting new configuration state","attr":{"newState":"ConfigReplicationDisabled","oldState":"ConfigPreStart"}}
2026-06-12T18:04:26.420-03:00  INFO 11972 --- [ecommerce-webflux] [       Thread-3] d.f.e.m.s.autoconfigure.EmbeddedMongo    : {"t":{"$date":"2026-06-12T18:04:26.420-03:00"},"s":"I",  "c":"STORAGE",  "id":22262,   "ctx":"initandlisten","msg":"Timestamp monitor starting"}
2026-06-12T18:04:26.422-03:00  INFO 11972 --- [ecommerce-webflux] [       Thread-3] d.f.e.m.s.autoconfigure.EmbeddedMongo    : {"t":{"$date":"2026-06-12T18:04:26.422-03:00"},"s":"I",  "c":"STORAGE",  "id":20320,   "ctx":"LogicalSessionCacheRefresh","msg":"createCollection","attr":{"namespace":"config.system.sessions","uuidDisposition":"generated","uuid":{"uuid":{"$uuid":"f0b587df-10c9-410d-9c7e-07bf5478f158"}},"options":{}}}
2026-06-12T18:04:26.423-03:00  INFO 11972 --- [ecommerce-webflux] [       Thread-3] d.f.e.m.s.autoconfigure.EmbeddedMongo    : {"t":{"$date":"2026-06-12T18:04:26.422-03:00"},"s":"I",  "c":"CONTROL",  "id":20712,   "ctx":"LogicalSessionCacheReap","msg":"Sessions collection is not set up; waiting until next sessions reap interval","attr":{"error":"NamespaceNotFound: config.system.sessions does not exist"}}
2026-06-12T18:04:26.423-03:00  INFO 11972 --- [ecommerce-webflux] [       Thread-3] d.f.e.m.s.autoconfigure.EmbeddedMongo    : {"t":{"$date":"2026-06-12T18:04:26.423-03:00"},"s":"I",  "c":"NETWORK",  "id":23015,   "ctx":"listener","msg":"Listening on","attr":{"address":"127.0.0.1"}}
2026-06-12T18:04:26.423-03:00  INFO 11972 --- [ecommerce-webflux] [       Thread-3] d.f.e.m.s.autoconfigure.EmbeddedMongo    : {"t":{"$date":"2026-06-12T18:04:26.423-03:00"},"s":"I",  "c":"NETWORK",  "id":23016,   "ctx":"listener","msg":"Waiting for connections","attr":{"port":54678,"ssl":"off"}}
2026-06-12T18:04:26.432-03:00  INFO 11972 --- [ecommerce-webflux] [       Thread-3] d.f.e.m.s.autoconfigure.EmbeddedMongo    : {"t":{"$date":"2026-06-12T18:04:26.432-03:00"},"s":"I",  "c":"REPL",     "id":7360102, "ctx":"LogicalSessionCacheRefresh","msg":"Added oplog entry for create to transaction","attr":{"namespace":"config.$cmd","uuid":{"uuid":{"$uuid":"f0b587df-10c9-410d-9c7e-07bf5478f158"}},"object":{"create":"system.sessions","idIndex":{"v":2,"key":{"_id":1},"name":"_id_"}}}}
2026-06-12T18:04:26.432-03:00  INFO 11972 --- [ecommerce-webflux] [       Thread-3] d.f.e.m.s.autoconfigure.EmbeddedMongo    : {"t":{"$date":"2026-06-12T18:04:26.432-03:00"},"s":"I",  "c":"REPL",     "id":7360100, "ctx":"LogicalSessionCacheRefresh","msg":"Added oplog entry for createIndexes to transaction","attr":{"namespace":"config.$cmd","uuid":{"uuid":{"$uuid":"f0b587df-10c9-410d-9c7e-07bf5478f158"}},"object":{"createIndexes":"system.sessions","v":2,"key":{"lastUse":1},"name":"lsidTTLIndex","expireAfterSeconds":1800}}}
2026-06-12T18:04:26.437-03:00  INFO 11972 --- [ecommerce-webflux] [       Thread-3] d.f.e.m.s.autoconfigure.EmbeddedMongo    : {"t":{"$date":"2026-06-12T18:04:26.437-03:00"},"s":"I",  "c":"INDEX",    "id":20345,   "ctx":"LogicalSessionCacheRefresh","msg":"Index build: done building","attr":{"buildUUID":null,"collectionUUID":{"uuid":{"$uuid":"f0b587df-10c9-410d-9c7e-07bf5478f158"}},"namespace":"config.system.sessions","index":"_id_","ident":"index-5-5651191862234712525","collectionIdent":"collection-4-5651191862234712525","commitTimestamp":null}}
2026-06-12T18:04:26.437-03:00  INFO 11972 --- [ecommerce-webflux] [       Thread-3] d.f.e.m.s.autoconfigure.EmbeddedMongo    : {"t":{"$date":"2026-06-12T18:04:26.437-03:00"},"s":"I",  "c":"INDEX",    "id":20345,   "ctx":"LogicalSessionCacheRefresh","msg":"Index build: done building","attr":{"buildUUID":null,"collectionUUID":{"uuid":{"$uuid":"f0b587df-10c9-410d-9c7e-07bf5478f158"}},"namespace":"config.system.sessions","index":"lsidTTLIndex","ident":"index-6-5651191862234712525","collectionIdent":"collection-4-5651191862234712525","commitTimestamp":null}}
2026-06-12T18:04:26.848-03:00  INFO 11972 --- [ecommerce-webflux] [           main] org.mongodb.driver.client                : MongoClient with metadata {"driver": {"name": "mongo-java-driver|reactive-streams|spring-boot", "version": "4.11.1"}, "os": {"type": "Windows", "name": "Windows 11", "architecture": "amd64", "version": "10.0"}, "platform": "Java/Oracle Corporation/24.0.2+12-54"} created with settings MongoClientSettings{readPreference=primary, writeConcern=WriteConcern{w=null, wTimeout=null ms, journal=null}, retryWrites=true, retryReads=true, readConcern=ReadConcern{level=null}, credential=null, transportSettings=NettyTransportSettings{eventLoopGroup=io.netty.channel.nio.NioEventLoopGroup@2f112ade, socketChannelClass=null, allocator=null, sslContext=null}, streamFactoryFactory=null, commandListeners=[], codecRegistry=ProvidersCodecRegistry{codecProviders=[ValueCodecProvider{}, BsonValueCodecProvider{}, DBRefCodecProvider{}, DBObjectCodecProvider{}, DocumentCodecProvider{}, CollectionCodecProvider{}, IterableCodecProvider{}, MapCodecProvider{}, GeoJsonCodecProvider{}, GridFSFileCodecProvider{}, Jsr310CodecProvider{}, JsonObjectCodecProvider{}, BsonCodecProvider{}, EnumCodecProvider{}, com.mongodb.client.model.mql.ExpressionCodecProvider@3c82bac3, com.mongodb.Jep395RecordCodecProvider@3ddac0b6, com.mongodb.KotlinCodecProvider@446a5aa5]}, loggerSettings=LoggerSettings{maxDocumentLength=1000}, clusterSettings={hosts=[database.herd.test:54678], srvServiceName=mongodb, mode=SINGLE, requiredClusterType=UNKNOWN, requiredReplicaSetName='null', serverSelector='null', clusterListeners='[]', serverSelectionTimeout='30000 ms', localThreshold='15 ms'}, socketSettings=SocketSettings{connectTimeoutMS=10000, readTimeoutMS=0, receiveBufferSize=0, proxySettings=ProxySettings{host=null, port=null, username=null, password=null}}, heartbeatSocketSettings=SocketSettings{connectTimeoutMS=10000, readTimeoutMS=10000, receiveBufferSize=0, proxySettings=ProxySettings{host=null, port=null, username=null, password=null}}, connectionPoolSettings=ConnectionPoolSettings{maxSize=100, minSize=0, maxWaitTimeMS=120000, maxConnectionLifeTimeMS=0, maxConnectionIdleTimeMS=0, maintenanceInitialDelayMS=0, maintenanceFrequencyMS=60000, connectionPoolListeners=[], maxConnecting=2}, serverSettings=ServerSettings{heartbeatFrequencyMS=10000, minHeartbeatFrequencyMS=500, serverListeners='[]', serverMonitorListeners='[]'}, sslSettings=SslSettings{enabled=false, invalidHostNameAllowed=false, context=null}, applicationName='null', compressorList=[], uuidRepresentation=JAVA_LEGACY, serverApi=null, autoEncryptionSettings=null, dnsClient=null, inetAddressResolver=null, contextProvider=null}
2026-06-12T18:04:26.900-03:00  INFO 11972 --- [ecommerce-webflux] [       Thread-3] d.f.e.m.s.autoconfigure.EmbeddedMongo    : {"t":{"$date":"2026-06-12T18:04:26.901-03:00"},"s":"I",  "c":"NETWORK",  "id":22943,   "ctx":"listener","msg":"Connection accepted","attr":{"remote":"127.0.0.1:54684","uuid":{"uuid":{"$uuid":"8626cf7c-5b0b-4bea-ac81-2d2c9c9a72f7"}},"connectionId":1,"connectionCount":1}}
2026-06-12T18:04:26.901-03:00  INFO 11972 --- [ecommerce-webflux] [       Thread-3] d.f.e.m.s.autoconfigure.EmbeddedMongo    : {"t":{"$date":"2026-06-12T18:04:26.901-03:00"},"s":"I",  "c":"NETWORK",  "id":22943,   "ctx":"listener","msg":"Connection accepted","attr":{"remote":"127.0.0.1:54683","uuid":{"uuid":{"$uuid":"31259795-f8d2-4eff-a51f-145c6b4e55cc"}},"connectionId":2,"connectionCount":2}}
2026-06-12T18:04:26.945-03:00  INFO 11972 --- [ecommerce-webflux] [       Thread-3] d.f.e.m.s.autoconfigure.EmbeddedMongo    : {"t":{"$date":"2026-06-12T18:04:26.945-03:00"},"s":"I",  "c":"NETWORK",  "id":51800,   "ctx":"conn2","msg":"client metadata","attr":{"remote":"127.0.0.1:54683","client":"conn2","doc":{"driver":{"name":"mongo-java-driver|reactive-streams|spring-boot","version":"4.11.1"},"os":{"type":"Windows","name":"Windows 11","architecture":"amd64","version":"10.0"},"platform":"Java/Oracle Corporation/24.0.2+12-54"}}}
2026-06-12T18:04:26.945-03:00  INFO 11972 --- [ecommerce-webflux] [       Thread-3] d.f.e.m.s.autoconfigure.EmbeddedMongo    : {"t":{"$date":"2026-06-12T18:04:26.945-03:00"},"s":"I",  "c":"NETWORK",  "id":51800,   "ctx":"conn1","msg":"client metadata","attr":{"remote":"127.0.0.1:54684","client":"conn1","doc":{"driver":{"name":"mongo-java-driver|reactive-streams|spring-boot","version":"4.11.1"},"os":{"type":"Windows","name":"Windows 11","architecture":"amd64","version":"10.0"},"platform":"Java/Oracle Corporation/24.0.2+12-54"}}}
2026-06-12T18:04:26.976-03:00  INFO 11972 --- [ecommerce-webflux] [herd.test:54678] org.mongodb.driver.cluster               : Monitor thread successfully connected to server with description ServerDescription{address=database.herd.test:54678, type=STANDALONE, state=CONNECTED, ok=true, minWireVersion=0, maxWireVersion=21, maxDocumentSize=16777216, logicalSessionTimeoutMinutes=30, roundTripTimeNanos=67753900}
2026-06-12T18:04:28.868-03:00  INFO 11972 --- [ecommerce-webflux] [           main] c.e.webflux.WebFluxIntegrationTest       : Started WebFluxIntegrationTest in 37.085 seconds (process running for 38.087)
]]></system-out>
    <system-err><![CDATA[WARNING: A Java agent has been loaded dynamically (C:\Users\Estremote\.m2\repository\net\bytebuddy\byte-buddy-agent\1.14.10\byte-buddy-agent-1.14.10.jar)
WARNING: If a serviceability tool is in use, please run with -XX:+EnableDynamicAgentLoading to hide this warning
WARNING: If a serviceability tool is not in use, please run with -Djdk.instrument.traceUsage for more information
WARNING: Dynamic loading of agents will be disallowed by default in a future release
]]></system-err>
  </testcase>
  <testcase name="stream_deveRetornarEventStream" classname="com.ecommerce.webflux.WebFluxIntegrationTest" time="0.387"/>
  <testcase name="buscarPorId_deveRetornarProduto" classname="com.ecommerce.webflux.WebFluxIntegrationTest" time="0.103"/>
  <testcase name="stepVerifier_buscarPorId_idInexistente_emiteErro" classname="com.ecommerce.webflux.WebFluxIntegrationTest" time="0.006"/>
  <testcase name="criar_deveRetornarProdutoCriadoComStatus201" classname="com.ecommerce.webflux.WebFluxIntegrationTest" time="0.053">
    <system-out><![CDATA[2026-06-12T18:04:29.831-03:00  WARN 11972 --- [ecommerce-webflux] [    parallel-10] io.r2dbc.h2.H2Connection                 : Option{name='readOnly', sensitive=false} + isn't supported in H2 at the transaction level. You must set it on conenction URL. See http://www.h2database.com/html/features.html#read_only
2026-06-12T18:04:29.834-03:00  INFO 11972 --- [ecommerce-webflux] [    parallel-10] c.e.w.a.usecase.ProdutoService           : Produto criado: id=11 nome=Produto Novo
]]></system-out>
  </testcase>
  <testcase name="listar_deveRetornarFluxDeProdutos" classname="com.ecommerce.webflux.WebFluxIntegrationTest" time="0.101"/>
  <testcase name="stepVerifier_comTimeout" classname="com.ecommerce.webflux.WebFluxIntegrationTest" time="0.005"/>
  <testcase name="stepVerifier_resumoEstoque_combinaMonos" classname="com.ecommerce.webflux.WebFluxIntegrationTest" time="0.019"/>
  <testcase name="stepVerifier_listarAtivos_emiteFlux" classname="com.ecommerce.webflux.WebFluxIntegrationTest" time="0.007"/>
  <testcase name="stepVerifier_buscarComFallback_retornaFallback" classname="com.ecommerce.webflux.WebFluxIntegrationTest" time="0.222">
    <system-out><![CDATA[2026-06-12T18:04:30.209-03:00  WARN 11972 --- [ecommerce-webflux] [     parallel-2] c.e.w.a.usecase.ProdutoService           : Produto 999999 não encontrado após retries. Usando fallback.
]]></system-out>
  </testcase>
  <testcase name="buscarPorId_naoEncontrado_deveRetornar404" classname="com.ecommerce.webflux.WebFluxIntegrationTest" time="0.012">
    <system-out><![CDATA[2026-06-12T18:04:30.220-03:00 ERROR 11972 --- [ecommerce-webflux] [     parallel-4] c.e.w.p.h.GlobalErrorWebExceptionHandler : [ERROR] GET /api/v1/produtos/999999 – RuntimeException: Produto não encontrado: 999999
]]></system-out>
  </testcase>
  <testcase name="stepVerifier_buscarPorId_emiteProduto" classname="com.ecommerce.webflux.WebFluxIntegrationTest" time="0.008"/>
</testsuite>