<?xml version="1.0" encoding="UTF-8"?>
<testsuite xmlns:xsi="http://www.w3.org/2001/XMLSchema-instance" xsi:noNamespaceSchemaLocation="https://maven.apache.org/surefire/maven-surefire-plugin/xsd/surefire-test-report-3.0.xsd" version="3.0" name="com.ecommerce.observability.PerformanceAndObservabilityTest" time="7.121" tests="10" errors="0" skipped="0" failures="0">
  <properties>
[...]
</properties>
  <testcase name="tags_devemPermitirFiltragemPorDimensao" classname="com.ecommerce.observability.PerformanceAndObservabilityTest" time="0.021">
    <system-out><![CDATA[23:36:22.952 [main] INFO  o.s.b.t.c.SpringBootTestContextBootstrapper traceId= spanId= - Found @SpringBootConfiguration com.ecommerce.observability.EcommerceObservabilityApplication for test class com.ecommerce.observability.PerformanceAndObservabilityTest

  .   ____          _            __ _ _
 /\\ / ___'_ __ _ _(_)_ __  __ _ \ \ \ \
( ( )\___ | '_ | '_| | '_ \/ _` | \ \ \ \
 \\/  ___)| |_)| | | | | || (_| |  ) ) ) )
  '  |____| .__|_| |_|_| |_\__, | / / / /
 =========|_|==============|___/=/_/_/_/
 :: Spring Boot ::                (v3.2.0)

23:36:23.056 [main] INFO  c.e.o.PerformanceAndObservabilityTest traceId= spanId= - Starting PerformanceAndObservabilityTest using Java 24.0.2 with PID 18872 (started by Estremote in c:\Users\Estremote\Desktop\Estremote\Pós Unifunec\ecommerce-observability-modulo5\ecommerce-observability)
23:36:23.056 [main] DEBUG c.e.o.PerformanceAndObservabilityTest traceId= spanId= - Running with Spring Boot v3.2.0, Spring v6.1.1
23:36:23.056 [main] INFO  c.e.o.PerformanceAndObservabilityTest traceId= spanId= - No active profile set, falling back to 1 default profile: "default"
23:36:23.639 [main] INFO  o.s.d.r.c.RepositoryConfigurationDelegate traceId= spanId= - Multiple Spring Data modules found, entering strict repository configuration mode
23:36:23.639 [main] INFO  o.s.d.r.c.RepositoryConfigurationDelegate traceId= spanId= - Bootstrapping Spring Data JPA repositories in DEFAULT mode.
23:36:23.654 [main] INFO  o.s.d.r.c.RepositoryConfigurationDelegate traceId= spanId= - Finished Spring Data repository scanning in 14 ms. Found 1 JPA repository interface.
23:36:23.656 [main] INFO  o.s.d.r.c.RepositoryConfigurationDelegate traceId= spanId= - Multiple Spring Data modules found, entering strict repository configuration mode
23:36:23.657 [main] INFO  o.s.d.r.c.RepositoryConfigurationDelegate traceId= spanId= - Bootstrapping Spring Data Redis repositories in DEFAULT mode.
23:36:23.663 [main] INFO  o.s.d.r.c.RepositoryConfigurationExtensionSupport traceId= spanId= - Spring Data Redis - Could not safely identify store assignment for repository candidate interface com.ecommerce.observability.domain.repository.ProdutoRepository; If you want this repository to be a Redis repository, consider annotating your entities with one of these annotations: org.springframework.data.redis.core.RedisHash (preferred), or consider extending one of the following types with your repository: org.springframework.data.keyvalue.repository.KeyValueRepository
23:36:23.663 [main] INFO  o.s.d.r.c.RepositoryConfigurationDelegate traceId= spanId= - Finished Spring Data repository scanning in 6 ms. Found 0 Redis repository interfaces.
23:36:24.213 [main] INFO  o.s.b.w.e.tomcat.TomcatWebServer traceId= spanId= - Tomcat initialized with port 0 (http)
23:36:24.231 [main] INFO  o.a.catalina.core.StandardService traceId= spanId= - Starting service [Tomcat]
23:36:24.232 [main] INFO  o.a.catalina.core.StandardEngine traceId= spanId= - Starting Servlet engine: [Apache Tomcat/10.1.16]
23:36:24.369 [main] INFO  o.a.c.c.C.[Tomcat].[localhost].[/] traceId= spanId= - Initializing Spring embedded WebApplicationContext
23:36:24.370 [main] INFO  o.s.b.w.s.c.ServletWebServerApplicationContext traceId= spanId= - Root WebApplicationContext: initialization completed in 1309 ms
23:36:24.606 [main] INFO  com.zaxxer.hikari.HikariDataSource traceId= spanId= - HikariPool-2 - Starting...
23:36:24.607 [main] INFO  com.zaxxer.hikari.pool.HikariPool traceId= spanId= - HikariPool-2 - Added connection conn10: url=jdbc:h2:mem:observabilitydb user=SA
23:36:24.608 [main] INFO  com.zaxxer.hikari.HikariDataSource traceId= spanId= - HikariPool-2 - Start completed.
23:36:24.608 [main] INFO  o.s.b.a.h.H2ConsoleAutoConfiguration traceId= spanId= - H2 console available at '/h2-console'. Database available at 'jdbc:h2:mem:observabilitydb'
23:36:24.792 [main] INFO  o.h.jpa.internal.util.LogHelper traceId= spanId= - HHH000204: Processing PersistenceUnitInfo [name: default]
23:36:24.798 [main] INFO  o.h.c.i.RegionFactoryInitiator traceId= spanId= - HHH000026: Second-level cache disabled
23:36:24.809 [main] INFO  o.s.o.j.p.SpringPersistenceUnitInfo traceId= spanId= - No LoadTimeWeaver setup: ignoring JPA class transformer
23:36:24.885 [main] INFO  o.h.e.t.j.p.i.JtaPlatformInitiator traceId= spanId= - HHH000489: No JTA platform available (set 'hibernate.transaction.jta.platform' to enable JTA platform integration)
23:36:24.900 [main] INFO  o.s.o.j.LocalContainerEntityManagerFactoryBean traceId= spanId= - Initialized JPA EntityManagerFactory for persistence unit 'default'
23:36:25.250 [main] INFO  o.s.d.j.r.query.QueryEnhancerFactory traceId= spanId= - Hibernate is in classpath; If applicable, HQL parser will be used.
23:36:26.517 [main] TRACE o.s.c.a.AnnotationCacheOperationSource traceId= spanId= - Adding cacheable method 'buscarPorId' with attribute: [Builder[public com.ecommerce.observability.domain.model.Produto com.ecommerce.observability.application.service.ProdutoService.buscarPorId(java.lang.Long)] caches=[produtos] | key='#id' | keyGenerator='' | cacheManager='' | cacheResolver='' | condition='#id > 0' | unless='#result == null' | sync='false']
23:36:26.789 [main] WARN  o.s.b.a.o.j.JpaBaseConfiguration$JpaWebConfiguration traceId= spanId= - spring.jpa.open-in-view is enabled by default. Therefore, database queries may be performed during view rendering. Explicitly configure spring.jpa.open-in-view to disable this warning
23:36:27.891 [main] INFO  o.a.c.c.C.[Tomcat].[localhost].[/] traceId= spanId= - Initializing Spring TestDispatcherServlet ''
23:36:27.891 [main] INFO  o.s.t.w.s.TestDispatcherServlet traceId= spanId= - Initializing Servlet ''
23:36:27.904 [main] INFO  o.s.b.a.e.web.EndpointLinksResolver traceId= spanId= - Exposing 9 endpoint(s) beneath base path '/actuator'
23:36:27.943 [main] INFO  o.s.t.w.s.TestDispatcherServlet traceId= spanId= - Completed initialization in 52 ms
23:36:28.031 [main] INFO  c.e.o.i.config.MetricsConfig traceId= spanId= - [METRICS] Gauge ecommerce.produtos.ativos.total registrado
23:36:28.125 [main] INFO  o.s.b.w.e.tomcat.TomcatWebServer traceId= spanId= - Tomcat started on port 64000 (http) with context path ''
23:36:28.137 [main] INFO  c.e.o.PerformanceAndObservabilityTest traceId= spanId= - Started PerformanceAndObservabilityTest in 5.18 seconds (process running for 21.233)
23:36:28.293 [main] INFO  c.e.o.i.config.DataInitializer traceId= spanId= - [DATA] 5 produtos criados. Acesse /swagger-ui.html e /actuator
]]></system-out>
  </testcase>
  <testcase name="metricasEndpoint_deveRetornarMapaDeDicas" classname="com.ecommerce.observability.PerformanceAndObservabilityTest" time="0.179"/>
  <testcase name="meterRegistry_deveConterMetricasJvm" classname="com.ecommerce.observability.PerformanceAndObservabilityTest" time="0.006"/>
  <testcase name="actuatorInfo_deveRetornarMetadados" classname="com.ecommerce.observability.PerformanceAndObservabilityTest" time="0.153"/>
  <testcase name="counter_deveSerRegistradoNoMeterRegistry" classname="com.ecommerce.observability.PerformanceAndObservabilityTest" time="0.005"/>
  <testcase name="actuatorCaches_deveListarCaches" classname="com.ecommerce.observability.PerformanceAndObservabilityTest" time="0.031"/>
  <testcase name="timer_deveRegistrarDuracaoComPercentis" classname="com.ecommerce.observability.PerformanceAndObservabilityTest" time="0.009"/>
  <testcase name="actuatorHealth_deveRetornarUp" classname="com.ecommerce.observability.PerformanceAndObservabilityTest" time="0.05"/>
  <testcase name="actuatorPrometheus_deveExporMetricas" classname="com.ecommerce.observability.PerformanceAndObservabilityTest" time="1.276"/>
  <testcase name="actuatorMetrics_deveRetornarListaDeMetricas" classname="com.ecommerce.observability.PerformanceAndObservabilityTest" time="0.014"/>
</testsuite>