<?xml version="1.0" encoding="UTF-8"?>
<testsuite xmlns:xsi="http://www.w3.org/2001/XMLSchema-instance" xsi:noNamespaceSchemaLocation="https://maven.apache.org/surefire/maven-surefire-plugin/xsd/surefire-test-report-3.0.xsd" version="3.0" name="com.ecommerce.resilience.ResiliencePatternTest" time="0.404" tests="7" errors="0" skipped="0" failures="0">
  <properties>
[...]
</properties>
  <testcase name="retry_sucessoNaSegundaTentativa" classname="com.ecommerce.resilience.ResiliencePatternTest" time="0.152"/>
  <testcase name="circuitBreaker_devAbrirAposTaxaDeFalha" classname="com.ecommerce.resilience.ResiliencePatternTest" time="0.026"/>
  <testcase name="circuitBreaker_deveIgnorarExcecoesDeDominio" classname="com.ecommerce.resilience.ResiliencePatternTest" time="0.003"/>
  <testcase name="circuitBreaker_deveRejeitarQuandoAberto" classname="com.ecommerce.resilience.ResiliencePatternTest" time="0.005"/>
  <testcase name="retry_naoDeveRetriarExcecoesIgnoradas" classname="com.ecommerce.resilience.ResiliencePatternTest" time="0.003"/>
  <testcase name="retry_deveExecutarNVezesAntesDePropagarErro" classname="com.ecommerce.resilience.ResiliencePatternTest" time="0.024"/>
  <testcase name="circuitBreaker_halfOpen_deveTestarRecuperacao" classname="com.ecommerce.resilience.ResiliencePatternTest" time="0.155"/>
</testsuite>